2025-11-03 16:49:46.539 | INFO     | __main__:setup_everything:57 - train_args:TrainingArguments(
_n_gpu=1,
accelerator_config={'split_batches': False, 'dispatch_batches': None, 'even_batches': True, 'use_seedable_sampler': True, 'non_blocking': False, 'gradient_accumulation_kwargs': None, 'use_configured_state': False},
adafactor=False,
adam_beta1=0.9,
adam_beta2=0.999,
adam_epsilon=1e-08,
auto_find_batch_size=False,
average_tokens_across_devices=True,
batch_eval_metrics=False,
bf16=False,
bf16_full_eval=False,
data_seed=None,
dataloader_drop_last=False,
dataloader_num_workers=0,
dataloader_persistent_workers=False,
dataloader_pin_memory=True,
dataloader_prefetch_factor=None,
ddp_backend=None,
ddp_broadcast_buffers=None,
ddp_bucket_cap_mb=None,
ddp_find_unused_parameters=None,
ddp_timeout=1800,
debug=[],
deepspeed=None,
disable_tqdm=False,
do_eval=False,
do_predict=False,
do_train=False,
eval_accumulation_steps=None,
eval_delay=0,
eval_do_concat_batches=True,
eval_on_start=False,
eval_steps=None,
eval_strategy=IntervalStrategy.NO,
eval_use_gather_object=False,
fp16=True,
fp16_backend=auto,
fp16_full_eval=False,
fp16_opt_level=O1,
fsdp=[],
fsdp_config={'min_num_params': 0, 'xla': False, 'xla_fsdp_v2': False, 'xla_fsdp_grad_ckpt': False},
fsdp_min_num_params=0,
fsdp_transformer_layer_cls_to_wrap=None,
full_determinism=False,
gradient_accumulation_steps=2,
gradient_checkpointing=True,
gradient_checkpointing_kwargs=None,
greater_is_better=None,
group_by_length=False,
half_precision_backend=auto,
hub_always_push=False,
hub_model_id=None,
hub_private_repo=None,
hub_revision=None,
hub_strategy=HubStrategy.EVERY_SAVE,
hub_token=<HUB_TOKEN>,
ignore_data_skip=False,
include_for_metrics=[],
include_inputs_for_metrics=False,
include_num_input_tokens_seen=no,
include_tokens_per_second=False,
jit_mode_eval=False,
label_names=None,
label_smoothing_factor=0.0,
learning_rate=0.0002,
length_column_name=length,
liger_kernel_config=None,
load_best_model_at_end=False,
local_rank=0,
log_level=passive,
log_level_replica=warning,
log_on_each_node=True,
logging_dir=output/hit-firefly-cpm-05b-sft-qlora/runs/Nov03_16-49-46_autodl-container-b95c4d8452-f16ec052,
logging_first_step=False,
logging_nan_inf_filter=True,
logging_steps=100,
logging_strategy=IntervalStrategy.STEPS,
lr_scheduler_kwargs={},
lr_scheduler_type=SchedulerType.CONSTANT_WITH_WARMUP,
max_grad_norm=0.3,
max_steps=-1,
metric_for_best_model=None,
mp_parameters=,
neftune_noise_alpha=None,
no_cuda=False,
num_train_epochs=1,
optim=OptimizerNames.PAGED_ADAMW,
optim_args=None,
optim_target_modules=None,
output_dir=output/hit-firefly-cpm-05b-sft-qlora,
overwrite_output_dir=False,
parallelism_config=None,
past_index=-1,
per_device_eval_batch_size=8,
per_device_train_batch_size=16,
prediction_loss_only=False,
project=huggingface,
push_to_hub=False,
push_to_hub_model_id=None,
push_to_hub_organization=None,
push_to_hub_token=<PUSH_TO_HUB_TOKEN>,
ray_scope=last,
remove_unused_columns=False,
report_to=['tensorboard'],
restore_callback_states_from_checkpoint=False,
resume_from_checkpoint=None,
run_name=None,
save_on_each_node=False,
save_only_model=False,
save_safetensors=True,
save_steps=1000,
save_strategy=SaveStrategy.STEPS,
save_total_limit=1,
seed=42,
skip_memory_metrics=True,
tf32=None,
torch_compile=False,
torch_compile_backend=None,
torch_compile_mode=None,
torch_empty_cache_steps=None,
torchdynamo=None,
tpu_metrics_debug=False,
tpu_num_cores=None,
trackio_space_id=trackio,
use_cpu=False,
use_legacy_prediction_loop=False,
use_liger_kernel=False,
use_mps_device=False,
warmup_ratio=0.0,
warmup_steps=200,
weight_decay=0,
)
2025-11-03 16:49:46.540 | INFO     | __main__:init_components:369 - Initializing components...
2025-11-03 16:49:46.792 | INFO     | __main__:load_tokenizer:217 - vocab_size of tokenizer: 73440
2025-11-03 16:49:46.792 | INFO     | __main__:load_model:256 - Loading model from base model: /root/autodl-tmp/Exp2/models/minicpm05b
2025-11-03 16:49:46.792 | INFO     | __main__:load_model:257 - Train model with qlora
2025-11-03 16:49:48.233 | INFO     | __main__:find_all_linear_names:91 - LoRA target module names: ['q_proj', 'down_proj', 'k_proj', 'o_proj', 'up_proj', 'gate_proj', 'v_proj']
2025-11-03 16:49:48.702 | INFO     | __main__:load_model:319 - memory footprint of model: 0.9468755722045898 GB
2025-11-03 16:49:48.711 | INFO     | __main__:load_model:331 - Total model params: 287.99M
2025-11-03 16:49:48.711 | INFO     | __main__:init_components:388 - Train model with sft task
2025-11-03 16:49:48.711 | INFO     | __main__:load_sft_dataset:351 - Loading data with UnifiedSFTDataset
2025-11-03 16:49:48.711 | INFO     | component.dataset:__init__:19 - Loading data: /root/autodl-tmp/Exp2/data/SFT/processed/hit_firefly_no_belle_300k_0.4.jsonl
2025-11-03 16:49:49.486 | INFO     | component.dataset:__init__:22 - Use template "minicpm4" for training
2025-11-03 16:49:49.486 | INFO     | component.dataset:__init__:23 - There are 172839 data in dataset
2025-11-03 16:50:21.510 | INFO     | __main__:setup_everything:57 - train_args:TrainingArguments(
_n_gpu=1,
accelerator_config={'split_batches': False, 'dispatch_batches': None, 'even_batches': True, 'use_seedable_sampler': True, 'non_blocking': False, 'gradient_accumulation_kwargs': None, 'use_configured_state': False},
adafactor=False,
adam_beta1=0.9,
adam_beta2=0.999,
adam_epsilon=1e-08,
auto_find_batch_size=False,
average_tokens_across_devices=True,
batch_eval_metrics=False,
bf16=False,
bf16_full_eval=False,
data_seed=None,
dataloader_drop_last=False,
dataloader_num_workers=0,
dataloader_persistent_workers=False,
dataloader_pin_memory=True,
dataloader_prefetch_factor=None,
ddp_backend=None,
ddp_broadcast_buffers=None,
ddp_bucket_cap_mb=None,
ddp_find_unused_parameters=None,
ddp_timeout=1800,
debug=[],
deepspeed=None,
disable_tqdm=False,
do_eval=False,
do_predict=False,
do_train=False,
eval_accumulation_steps=None,
eval_delay=0,
eval_do_concat_batches=True,
eval_on_start=False,
eval_steps=None,
eval_strategy=IntervalStrategy.NO,
eval_use_gather_object=False,
fp16=True,
fp16_backend=auto,
fp16_full_eval=False,
fp16_opt_level=O1,
fsdp=[],
fsdp_config={'min_num_params': 0, 'xla': False, 'xla_fsdp_v2': False, 'xla_fsdp_grad_ckpt': False},
fsdp_min_num_params=0,
fsdp_transformer_layer_cls_to_wrap=None,
full_determinism=False,
gradient_accumulation_steps=2,
gradient_checkpointing=True,
gradient_checkpointing_kwargs=None,
greater_is_better=None,
group_by_length=False,
half_precision_backend=auto,
hub_always_push=False,
hub_model_id=None,
hub_private_repo=None,
hub_revision=None,
hub_strategy=HubStrategy.EVERY_SAVE,
hub_token=<HUB_TOKEN>,
ignore_data_skip=False,
include_for_metrics=[],
include_inputs_for_metrics=False,
include_num_input_tokens_seen=no,
include_tokens_per_second=False,
jit_mode_eval=False,
label_names=None,
label_smoothing_factor=0.0,
learning_rate=0.0002,
length_column_name=length,
liger_kernel_config=None,
load_best_model_at_end=False,
local_rank=0,
log_level=passive,
log_level_replica=warning,
log_on_each_node=True,
logging_dir=output/hit-firefly-cpm-05b-sft-qlora/runs/Nov03_16-50-21_autodl-container-b95c4d8452-f16ec052,
logging_first_step=False,
logging_nan_inf_filter=True,
logging_steps=100,
logging_strategy=IntervalStrategy.STEPS,
lr_scheduler_kwargs={},
lr_scheduler_type=SchedulerType.CONSTANT_WITH_WARMUP,
max_grad_norm=0.3,
max_steps=-1,
metric_for_best_model=None,
mp_parameters=,
neftune_noise_alpha=None,
no_cuda=False,
num_train_epochs=1,
optim=OptimizerNames.PAGED_ADAMW,
optim_args=None,
optim_target_modules=None,
output_dir=output/hit-firefly-cpm-05b-sft-qlora,
overwrite_output_dir=False,
parallelism_config=None,
past_index=-1,
per_device_eval_batch_size=8,
per_device_train_batch_size=16,
prediction_loss_only=False,
project=huggingface,
push_to_hub=False,
push_to_hub_model_id=None,
push_to_hub_organization=None,
push_to_hub_token=<PUSH_TO_HUB_TOKEN>,
ray_scope=last,
remove_unused_columns=False,
report_to=['tensorboard'],
restore_callback_states_from_checkpoint=False,
resume_from_checkpoint=None,
run_name=None,
save_on_each_node=False,
save_only_model=False,
save_safetensors=True,
save_steps=1000,
save_strategy=SaveStrategy.STEPS,
save_total_limit=1,
seed=42,
skip_memory_metrics=True,
tf32=None,
torch_compile=False,
torch_compile_backend=None,
torch_compile_mode=None,
torch_empty_cache_steps=None,
torchdynamo=None,
tpu_metrics_debug=False,
tpu_num_cores=None,
trackio_space_id=trackio,
use_cpu=False,
use_legacy_prediction_loop=False,
use_liger_kernel=False,
use_mps_device=False,
warmup_ratio=0.0,
warmup_steps=200,
weight_decay=0,
)
2025-11-03 16:50:21.511 | INFO     | __main__:init_components:369 - Initializing components...
2025-11-03 16:50:21.756 | INFO     | __main__:load_tokenizer:217 - vocab_size of tokenizer: 73440
2025-11-03 16:50:21.756 | INFO     | __main__:load_model:256 - Loading model from base model: /root/autodl-tmp/Exp2/models/minicpm05b
2025-11-03 16:50:21.756 | INFO     | __main__:load_model:257 - Train model with qlora
2025-11-03 16:50:22.991 | INFO     | __main__:find_all_linear_names:91 - LoRA target module names: ['gate_proj', 'v_proj', 'down_proj', 'o_proj', 'up_proj', 'k_proj', 'q_proj']
2025-11-03 16:50:23.753 | INFO     | __main__:load_model:319 - memory footprint of model: 0.9468755722045898 GB
2025-11-03 16:50:23.761 | INFO     | __main__:load_model:331 - Total model params: 287.99M
2025-11-03 16:50:23.761 | INFO     | __main__:init_components:388 - Train model with sft task
2025-11-03 16:50:23.761 | INFO     | __main__:load_sft_dataset:351 - Loading data with UnifiedSFTDataset
2025-11-03 16:50:23.761 | INFO     | component.dataset:__init__:19 - Loading data: /root/autodl-tmp/Exp2/data/SFT/processed/hit_firefly_no_belle_300k_0.4.jsonl
2025-11-03 16:50:24.535 | INFO     | component.dataset:__init__:22 - Use template "minicpm4" for training
2025-11-03 16:50:24.535 | INFO     | component.dataset:__init__:23 - There are 172839 data in dataset
2025-11-03 16:50:24.571 | INFO     | __main__:main:426 - *** starting training ***
2025-11-03 16:52:07.072 | INFO     | __main__:setup_everything:57 - train_args:TrainingArguments(
_n_gpu=1,
accelerator_config={'split_batches': False, 'dispatch_batches': None, 'even_batches': True, 'use_seedable_sampler': True, 'non_blocking': False, 'gradient_accumulation_kwargs': None, 'use_configured_state': False},
adafactor=False,
adam_beta1=0.9,
adam_beta2=0.999,
adam_epsilon=1e-08,
auto_find_batch_size=False,
average_tokens_across_devices=True,
batch_eval_metrics=False,
bf16=False,
bf16_full_eval=False,
data_seed=None,
dataloader_drop_last=False,
dataloader_num_workers=0,
dataloader_persistent_workers=False,
dataloader_pin_memory=True,
dataloader_prefetch_factor=None,
ddp_backend=None,
ddp_broadcast_buffers=None,
ddp_bucket_cap_mb=None,
ddp_find_unused_parameters=None,
ddp_timeout=1800,
debug=[],
deepspeed=None,
disable_tqdm=False,
do_eval=False,
do_predict=False,
do_train=False,
eval_accumulation_steps=None,
eval_delay=0,
eval_do_concat_batches=True,
eval_on_start=False,
eval_steps=None,
eval_strategy=IntervalStrategy.NO,
eval_use_gather_object=False,
fp16=True,
fp16_backend=auto,
fp16_full_eval=False,
fp16_opt_level=O1,
fsdp=[],
fsdp_config={'min_num_params': 0, 'xla': False, 'xla_fsdp_v2': False, 'xla_fsdp_grad_ckpt': False},
fsdp_min_num_params=0,
fsdp_transformer_layer_cls_to_wrap=None,
full_determinism=False,
gradient_accumulation_steps=2,
gradient_checkpointing=True,
gradient_checkpointing_kwargs=None,
greater_is_better=None,
group_by_length=False,
half_precision_backend=auto,
hub_always_push=False,
hub_model_id=None,
hub_private_repo=None,
hub_revision=None,
hub_strategy=HubStrategy.EVERY_SAVE,
hub_token=<HUB_TOKEN>,
ignore_data_skip=False,
include_for_metrics=[],
include_inputs_for_metrics=False,
include_num_input_tokens_seen=no,
include_tokens_per_second=False,
jit_mode_eval=False,
label_names=None,
label_smoothing_factor=0.0,
learning_rate=0.0002,
length_column_name=length,
liger_kernel_config=None,
load_best_model_at_end=False,
local_rank=0,
log_level=passive,
log_level_replica=warning,
log_on_each_node=True,
logging_dir=output/hit-firefly-cpm-05b-sft-qlora/runs/Nov03_16-52-06_autodl-container-b95c4d8452-f16ec052,
logging_first_step=False,
logging_nan_inf_filter=True,
logging_steps=100,
logging_strategy=IntervalStrategy.STEPS,
lr_scheduler_kwargs={},
lr_scheduler_type=SchedulerType.CONSTANT_WITH_WARMUP,
max_grad_norm=0.3,
max_steps=-1,
metric_for_best_model=None,
mp_parameters=,
neftune_noise_alpha=None,
no_cuda=False,
num_train_epochs=1,
optim=OptimizerNames.PAGED_ADAMW,
optim_args=None,
optim_target_modules=None,
output_dir=output/hit-firefly-cpm-05b-sft-qlora,
overwrite_output_dir=False,
parallelism_config=None,
past_index=-1,
per_device_eval_batch_size=8,
per_device_train_batch_size=16,
prediction_loss_only=False,
project=huggingface,
push_to_hub=False,
push_to_hub_model_id=None,
push_to_hub_organization=None,
push_to_hub_token=<PUSH_TO_HUB_TOKEN>,
ray_scope=last,
remove_unused_columns=False,
report_to=['tensorboard'],
restore_callback_states_from_checkpoint=False,
resume_from_checkpoint=None,
run_name=None,
save_on_each_node=False,
save_only_model=False,
save_safetensors=True,
save_steps=1000,
save_strategy=SaveStrategy.STEPS,
save_total_limit=1,
seed=42,
skip_memory_metrics=True,
tf32=None,
torch_compile=False,
torch_compile_backend=None,
torch_compile_mode=None,
torch_empty_cache_steps=None,
torchdynamo=None,
tpu_metrics_debug=False,
tpu_num_cores=None,
trackio_space_id=trackio,
use_cpu=False,
use_legacy_prediction_loop=False,
use_liger_kernel=False,
use_mps_device=False,
warmup_ratio=0.0,
warmup_steps=200,
weight_decay=0,
)
2025-11-03 16:52:07.074 | INFO     | __main__:init_components:369 - Initializing components...
2025-11-03 16:52:07.311 | INFO     | __main__:load_tokenizer:217 - vocab_size of tokenizer: 73440
2025-11-03 16:52:07.312 | INFO     | __main__:load_model:256 - Loading model from base model: /root/autodl-tmp/Exp2/models/minicpm05b
2025-11-03 16:52:07.312 | INFO     | __main__:load_model:257 - Train model with qlora
2025-11-03 16:52:08.755 | INFO     | __main__:find_all_linear_names:91 - LoRA target module names: ['v_proj', 'down_proj', 'q_proj', 'up_proj', 'k_proj', 'o_proj', 'gate_proj']
2025-11-03 16:52:09.203 | INFO     | __main__:load_model:319 - memory footprint of model: 0.9468755722045898 GB
2025-11-03 16:52:09.216 | INFO     | __main__:load_model:331 - Total model params: 287.99M
2025-11-03 16:52:09.216 | INFO     | __main__:init_components:388 - Train model with sft task
2025-11-03 16:52:09.216 | INFO     | __main__:load_sft_dataset:351 - Loading data with UnifiedSFTDataset
2025-11-03 16:52:09.217 | INFO     | component.dataset:__init__:19 - Loading data: /root/autodl-tmp/Exp2/data/SFT/processed/hit_firefly_no_belle_300k_0.4_conversation.jsonl
2025-11-03 16:52:09.220 | INFO     | component.dataset:__init__:22 - Use template "minicpm4" for training
2025-11-03 16:52:09.220 | INFO     | component.dataset:__init__:23 - There are 1100 data in dataset
2025-11-03 16:52:09.251 | INFO     | __main__:main:426 - *** starting training ***
2025-11-03 17:19:25.948 | INFO     | __main__:setup_everything:57 - train_args:TrainingArguments(
_n_gpu=1,
accelerator_config={'split_batches': False, 'dispatch_batches': None, 'even_batches': True, 'use_seedable_sampler': True, 'non_blocking': False, 'gradient_accumulation_kwargs': None, 'use_configured_state': False},
adafactor=False,
adam_beta1=0.9,
adam_beta2=0.999,
adam_epsilon=1e-08,
auto_find_batch_size=False,
average_tokens_across_devices=True,
batch_eval_metrics=False,
bf16=False,
bf16_full_eval=False,
data_seed=None,
dataloader_drop_last=False,
dataloader_num_workers=0,
dataloader_persistent_workers=False,
dataloader_pin_memory=True,
dataloader_prefetch_factor=None,
ddp_backend=None,
ddp_broadcast_buffers=None,
ddp_bucket_cap_mb=None,
ddp_find_unused_parameters=None,
ddp_timeout=1800,
debug=[],
deepspeed=None,
disable_tqdm=False,
do_eval=False,
do_predict=False,
do_train=False,
eval_accumulation_steps=None,
eval_delay=0,
eval_do_concat_batches=True,
eval_on_start=False,
eval_steps=None,
eval_strategy=IntervalStrategy.NO,
eval_use_gather_object=False,
fp16=True,
fp16_backend=auto,
fp16_full_eval=False,
fp16_opt_level=O1,
fsdp=[],
fsdp_config={'min_num_params': 0, 'xla': False, 'xla_fsdp_v2': False, 'xla_fsdp_grad_ckpt': False},
fsdp_min_num_params=0,
fsdp_transformer_layer_cls_to_wrap=None,
full_determinism=False,
gradient_accumulation_steps=2,
gradient_checkpointing=True,
gradient_checkpointing_kwargs=None,
greater_is_better=None,
group_by_length=False,
half_precision_backend=auto,
hub_always_push=False,
hub_model_id=None,
hub_private_repo=None,
hub_revision=None,
hub_strategy=HubStrategy.EVERY_SAVE,
hub_token=<HUB_TOKEN>,
ignore_data_skip=False,
include_for_metrics=[],
include_inputs_for_metrics=False,
include_num_input_tokens_seen=no,
include_tokens_per_second=False,
jit_mode_eval=False,
label_names=None,
label_smoothing_factor=0.0,
learning_rate=0.0002,
length_column_name=length,
liger_kernel_config=None,
load_best_model_at_end=False,
local_rank=0,
log_level=passive,
log_level_replica=warning,
log_on_each_node=True,
logging_dir=output/hit-firefly-cpm-05b-sft-qlora/runs/Nov03_17-19-25_autodl-container-b95c4d8452-f16ec052,
logging_first_step=False,
logging_nan_inf_filter=True,
logging_steps=100,
logging_strategy=IntervalStrategy.STEPS,
lr_scheduler_kwargs={},
lr_scheduler_type=SchedulerType.CONSTANT_WITH_WARMUP,
max_grad_norm=0.3,
max_steps=-1,
metric_for_best_model=None,
mp_parameters=,
neftune_noise_alpha=None,
no_cuda=False,
num_train_epochs=1,
optim=OptimizerNames.PAGED_ADAMW,
optim_args=None,
optim_target_modules=None,
output_dir=output/hit-firefly-cpm-05b-sft-qlora,
overwrite_output_dir=False,
parallelism_config=None,
past_index=-1,
per_device_eval_batch_size=8,
per_device_train_batch_size=16,
prediction_loss_only=False,
project=huggingface,
push_to_hub=False,
push_to_hub_model_id=None,
push_to_hub_organization=None,
push_to_hub_token=<PUSH_TO_HUB_TOKEN>,
ray_scope=last,
remove_unused_columns=False,
report_to=['tensorboard'],
restore_callback_states_from_checkpoint=False,
resume_from_checkpoint=None,
run_name=None,
save_on_each_node=False,
save_only_model=False,
save_safetensors=True,
save_steps=1000,
save_strategy=SaveStrategy.STEPS,
save_total_limit=1,
seed=42,
skip_memory_metrics=True,
tf32=None,
torch_compile=False,
torch_compile_backend=None,
torch_compile_mode=None,
torch_empty_cache_steps=None,
torchdynamo=None,
tpu_metrics_debug=False,
tpu_num_cores=None,
trackio_space_id=trackio,
use_cpu=False,
use_legacy_prediction_loop=False,
use_liger_kernel=False,
use_mps_device=False,
warmup_ratio=0.0,
warmup_steps=200,
weight_decay=0,
)
2025-11-03 17:19:25.950 | INFO     | __main__:init_components:369 - Initializing components...
2025-11-03 17:19:26.188 | INFO     | __main__:load_tokenizer:217 - vocab_size of tokenizer: 73440
2025-11-03 17:19:26.188 | INFO     | __main__:load_model:256 - Loading model from base model: /root/autodl-tmp/Exp2/models/minicpm05b
2025-11-03 17:19:26.188 | INFO     | __main__:load_model:257 - Train model with qlora
2025-11-03 17:19:27.317 | INFO     | __main__:find_all_linear_names:91 - LoRA target module names: ['k_proj', 'up_proj', 'v_proj', 'down_proj', 'o_proj', 'q_proj', 'gate_proj']
2025-11-03 17:19:28.027 | INFO     | __main__:load_model:319 - memory footprint of model: 0.9468755722045898 GB
2025-11-03 17:19:28.035 | INFO     | __main__:load_model:331 - Total model params: 287.99M
2025-11-03 17:19:28.035 | INFO     | __main__:init_components:388 - Train model with sft task
2025-11-03 17:19:28.035 | INFO     | __main__:load_sft_dataset:351 - Loading data with UnifiedSFTDataset
2025-11-03 17:19:28.035 | INFO     | component.dataset:__init__:19 - Loading data: /root/autodl-tmp/Exp2/data/SFT/processed/hit_firefly_no_belle_300k_0.4_conversation.jsonl
2025-11-03 17:19:28.722 | INFO     | component.dataset:__init__:22 - Use template "minicpm4" for training
2025-11-03 17:19:28.722 | INFO     | component.dataset:__init__:23 - There are 172839 data in dataset
2025-11-03 17:19:29.220 | INFO     | __main__:main:426 - *** starting training ***
2025-11-03 17:36:04.958 | INFO     | __main__:setup_everything:57 - train_args:TrainingArguments(
_n_gpu=1,
accelerator_config={'split_batches': False, 'dispatch_batches': None, 'even_batches': True, 'use_seedable_sampler': True, 'non_blocking': False, 'gradient_accumulation_kwargs': None, 'use_configured_state': False},
adafactor=False,
adam_beta1=0.9,
adam_beta2=0.999,
adam_epsilon=1e-08,
auto_find_batch_size=False,
average_tokens_across_devices=True,
batch_eval_metrics=False,
bf16=True,
bf16_full_eval=False,
data_seed=None,
dataloader_drop_last=False,
dataloader_num_workers=16,
dataloader_persistent_workers=False,
dataloader_pin_memory=True,
dataloader_prefetch_factor=None,
ddp_backend=None,
ddp_broadcast_buffers=None,
ddp_bucket_cap_mb=None,
ddp_find_unused_parameters=None,
ddp_timeout=1800,
debug=[],
deepspeed=None,
disable_tqdm=False,
do_eval=False,
do_predict=False,
do_train=False,
eval_accumulation_steps=None,
eval_delay=0,
eval_do_concat_batches=True,
eval_on_start=False,
eval_steps=None,
eval_strategy=IntervalStrategy.NO,
eval_use_gather_object=False,
fp16=False,
fp16_backend=auto,
fp16_full_eval=False,
fp16_opt_level=O1,
fsdp=[],
fsdp_config={'min_num_params': 0, 'xla': False, 'xla_fsdp_v2': False, 'xla_fsdp_grad_ckpt': False},
fsdp_min_num_params=0,
fsdp_transformer_layer_cls_to_wrap=None,
full_determinism=False,
gradient_accumulation_steps=1,
gradient_checkpointing=True,
gradient_checkpointing_kwargs=None,
greater_is_better=None,
group_by_length=False,
half_precision_backend=auto,
hub_always_push=False,
hub_model_id=None,
hub_private_repo=None,
hub_revision=None,
hub_strategy=HubStrategy.EVERY_SAVE,
hub_token=<HUB_TOKEN>,
ignore_data_skip=False,
include_for_metrics=[],
include_inputs_for_metrics=False,
include_num_input_tokens_seen=no,
include_tokens_per_second=False,
jit_mode_eval=False,
label_names=None,
label_smoothing_factor=0.0,
learning_rate=0.0002,
length_column_name=length,
liger_kernel_config=None,
load_best_model_at_end=False,
local_rank=0,
log_level=passive,
log_level_replica=warning,
log_on_each_node=True,
logging_dir=output/hit-firefly-cpm-05b-sft-qlora/runs/Nov03_17-36-04_autodl-container-b95c4d8452-f16ec052,
logging_first_step=False,
logging_nan_inf_filter=True,
logging_steps=100,
logging_strategy=IntervalStrategy.STEPS,
lr_scheduler_kwargs={},
lr_scheduler_type=SchedulerType.CONSTANT_WITH_WARMUP,
max_grad_norm=0.3,
max_steps=-1,
metric_for_best_model=None,
mp_parameters=,
neftune_noise_alpha=None,
no_cuda=False,
num_train_epochs=1,
optim=OptimizerNames.PAGED_ADAMW,
optim_args=None,
optim_target_modules=None,
output_dir=output/hit-firefly-cpm-05b-sft-qlora,
overwrite_output_dir=False,
parallelism_config=None,
past_index=-1,
per_device_eval_batch_size=8,
per_device_train_batch_size=64,
prediction_loss_only=False,
project=huggingface,
push_to_hub=False,
push_to_hub_model_id=None,
push_to_hub_organization=None,
push_to_hub_token=<PUSH_TO_HUB_TOKEN>,
ray_scope=last,
remove_unused_columns=False,
report_to=['tensorboard'],
restore_callback_states_from_checkpoint=False,
resume_from_checkpoint=None,
run_name=None,
save_on_each_node=False,
save_only_model=False,
save_safetensors=True,
save_steps=1000,
save_strategy=SaveStrategy.STEPS,
save_total_limit=1,
seed=42,
skip_memory_metrics=True,
tf32=None,
torch_compile=False,
torch_compile_backend=None,
torch_compile_mode=None,
torch_empty_cache_steps=None,
torchdynamo=None,
tpu_metrics_debug=False,
tpu_num_cores=None,
trackio_space_id=trackio,
use_cpu=False,
use_legacy_prediction_loop=False,
use_liger_kernel=False,
use_mps_device=False,
warmup_ratio=0.0,
warmup_steps=200,
weight_decay=0,
)
2025-11-03 17:36:04.960 | INFO     | __main__:init_components:369 - Initializing components...
2025-11-03 17:36:05.247 | INFO     | __main__:load_tokenizer:217 - vocab_size of tokenizer: 73440
2025-11-03 17:36:05.247 | INFO     | __main__:load_model:256 - Loading model from base model: /root/autodl-tmp/Exp2/models/minicpm05b
2025-11-03 17:36:05.247 | INFO     | __main__:load_model:257 - Train model with qlora
2025-11-03 17:36:06.474 | INFO     | __main__:find_all_linear_names:91 - LoRA target module names: ['o_proj', 'k_proj', 'down_proj', 'up_proj', 'gate_proj', 'v_proj', 'q_proj']
2025-11-03 17:36:07.212 | INFO     | __main__:load_model:319 - memory footprint of model: 0.9468755722045898 GB
2025-11-03 17:36:07.221 | INFO     | __main__:load_model:331 - Total model params: 287.99M
2025-11-03 17:36:07.221 | INFO     | __main__:init_components:388 - Train model with sft task
2025-11-03 17:36:07.221 | INFO     | __main__:load_sft_dataset:351 - Loading data with UnifiedSFTDataset
2025-11-03 17:36:07.221 | INFO     | component.dataset:__init__:19 - Loading data: /root/autodl-tmp/Exp2/data/SFT/processed/hit_firefly_no_belle_300k_0.4_conversation.jsonl
2025-11-03 17:36:07.934 | INFO     | component.dataset:__init__:22 - Use template "minicpm4" for training
2025-11-03 17:36:07.934 | INFO     | component.dataset:__init__:23 - There are 172839 data in dataset
2025-11-03 17:36:08.451 | INFO     | __main__:main:426 - *** starting training ***
2025-11-03 17:37:00.763 | INFO     | __main__:setup_everything:57 - train_args:TrainingArguments(
_n_gpu=1,
accelerator_config={'split_batches': False, 'dispatch_batches': None, 'even_batches': True, 'use_seedable_sampler': True, 'non_blocking': False, 'gradient_accumulation_kwargs': None, 'use_configured_state': False},
adafactor=False,
adam_beta1=0.9,
adam_beta2=0.999,
adam_epsilon=1e-08,
auto_find_batch_size=False,
average_tokens_across_devices=True,
batch_eval_metrics=False,
bf16=False,
bf16_full_eval=False,
data_seed=None,
dataloader_drop_last=False,
dataloader_num_workers=16,
dataloader_persistent_workers=False,
dataloader_pin_memory=True,
dataloader_prefetch_factor=None,
ddp_backend=None,
ddp_broadcast_buffers=None,
ddp_bucket_cap_mb=None,
ddp_find_unused_parameters=None,
ddp_timeout=1800,
debug=[],
deepspeed=None,
disable_tqdm=False,
do_eval=False,
do_predict=False,
do_train=False,
eval_accumulation_steps=None,
eval_delay=0,
eval_do_concat_batches=True,
eval_on_start=False,
eval_steps=None,
eval_strategy=IntervalStrategy.NO,
eval_use_gather_object=False,
fp16=True,
fp16_backend=auto,
fp16_full_eval=False,
fp16_opt_level=O1,
fsdp=[],
fsdp_config={'min_num_params': 0, 'xla': False, 'xla_fsdp_v2': False, 'xla_fsdp_grad_ckpt': False},
fsdp_min_num_params=0,
fsdp_transformer_layer_cls_to_wrap=None,
full_determinism=False,
gradient_accumulation_steps=1,
gradient_checkpointing=True,
gradient_checkpointing_kwargs=None,
greater_is_better=None,
group_by_length=False,
half_precision_backend=auto,
hub_always_push=False,
hub_model_id=None,
hub_private_repo=None,
hub_revision=None,
hub_strategy=HubStrategy.EVERY_SAVE,
hub_token=<HUB_TOKEN>,
ignore_data_skip=False,
include_for_metrics=[],
include_inputs_for_metrics=False,
include_num_input_tokens_seen=no,
include_tokens_per_second=False,
jit_mode_eval=False,
label_names=None,
label_smoothing_factor=0.0,
learning_rate=0.0002,
length_column_name=length,
liger_kernel_config=None,
load_best_model_at_end=False,
local_rank=0,
log_level=passive,
log_level_replica=warning,
log_on_each_node=True,
logging_dir=output/hit-firefly-cpm-05b-sft-qlora/runs/Nov03_17-37-00_autodl-container-b95c4d8452-f16ec052,
logging_first_step=False,
logging_nan_inf_filter=True,
logging_steps=100,
logging_strategy=IntervalStrategy.STEPS,
lr_scheduler_kwargs={},
lr_scheduler_type=SchedulerType.CONSTANT_WITH_WARMUP,
max_grad_norm=0.3,
max_steps=-1,
metric_for_best_model=None,
mp_parameters=,
neftune_noise_alpha=None,
no_cuda=False,
num_train_epochs=1,
optim=OptimizerNames.PAGED_ADAMW,
optim_args=None,
optim_target_modules=None,
output_dir=output/hit-firefly-cpm-05b-sft-qlora,
overwrite_output_dir=False,
parallelism_config=None,
past_index=-1,
per_device_eval_batch_size=8,
per_device_train_batch_size=64,
prediction_loss_only=False,
project=huggingface,
push_to_hub=False,
push_to_hub_model_id=None,
push_to_hub_organization=None,
push_to_hub_token=<PUSH_TO_HUB_TOKEN>,
ray_scope=last,
remove_unused_columns=False,
report_to=['tensorboard'],
restore_callback_states_from_checkpoint=False,
resume_from_checkpoint=None,
run_name=None,
save_on_each_node=False,
save_only_model=False,
save_safetensors=True,
save_steps=1000,
save_strategy=SaveStrategy.STEPS,
save_total_limit=1,
seed=42,
skip_memory_metrics=True,
tf32=None,
torch_compile=False,
torch_compile_backend=None,
torch_compile_mode=None,
torch_empty_cache_steps=None,
torchdynamo=None,
tpu_metrics_debug=False,
tpu_num_cores=None,
trackio_space_id=trackio,
use_cpu=False,
use_legacy_prediction_loop=False,
use_liger_kernel=False,
use_mps_device=False,
warmup_ratio=0.0,
warmup_steps=200,
weight_decay=0,
)
2025-11-03 17:37:00.765 | INFO     | __main__:init_components:369 - Initializing components...
2025-11-03 17:37:01.016 | INFO     | __main__:load_tokenizer:217 - vocab_size of tokenizer: 73440
2025-11-03 17:37:01.016 | INFO     | __main__:load_model:256 - Loading model from base model: /root/autodl-tmp/Exp2/models/minicpm05b
2025-11-03 17:37:01.016 | INFO     | __main__:load_model:257 - Train model with qlora
2025-11-03 17:37:02.166 | INFO     | __main__:find_all_linear_names:91 - LoRA target module names: ['k_proj', 'gate_proj', 'down_proj', 'o_proj', 'v_proj', 'up_proj', 'q_proj']
2025-11-03 17:37:02.907 | INFO     | __main__:load_model:319 - memory footprint of model: 0.9468755722045898 GB
2025-11-03 17:37:02.915 | INFO     | __main__:load_model:331 - Total model params: 287.99M
2025-11-03 17:37:02.915 | INFO     | __main__:init_components:388 - Train model with sft task
2025-11-03 17:37:02.915 | INFO     | __main__:load_sft_dataset:351 - Loading data with UnifiedSFTDataset
2025-11-03 17:37:02.915 | INFO     | component.dataset:__init__:19 - Loading data: /root/autodl-tmp/Exp2/data/SFT/processed/hit_firefly_no_belle_300k_0.4_conversation.jsonl
2025-11-03 17:37:03.634 | INFO     | component.dataset:__init__:22 - Use template "minicpm4" for training
2025-11-03 17:37:03.634 | INFO     | component.dataset:__init__:23 - There are 172839 data in dataset
2025-11-03 17:37:04.184 | INFO     | __main__:main:426 - *** starting training ***
2025-11-03 17:38:20.578 | INFO     | __main__:setup_everything:57 - train_args:TrainingArguments(
_n_gpu=1,
accelerator_config={'split_batches': False, 'dispatch_batches': None, 'even_batches': True, 'use_seedable_sampler': True, 'non_blocking': False, 'gradient_accumulation_kwargs': None, 'use_configured_state': False},
adafactor=False,
adam_beta1=0.9,
adam_beta2=0.999,
adam_epsilon=1e-08,
auto_find_batch_size=False,
average_tokens_across_devices=True,
batch_eval_metrics=False,
bf16=False,
bf16_full_eval=False,
data_seed=None,
dataloader_drop_last=False,
dataloader_num_workers=16,
dataloader_persistent_workers=False,
dataloader_pin_memory=True,
dataloader_prefetch_factor=None,
ddp_backend=None,
ddp_broadcast_buffers=None,
ddp_bucket_cap_mb=None,
ddp_find_unused_parameters=None,
ddp_timeout=1800,
debug=[],
deepspeed=None,
disable_tqdm=False,
do_eval=False,
do_predict=False,
do_train=False,
eval_accumulation_steps=None,
eval_delay=0,
eval_do_concat_batches=True,
eval_on_start=False,
eval_steps=None,
eval_strategy=IntervalStrategy.NO,
eval_use_gather_object=False,
fp16=True,
fp16_backend=auto,
fp16_full_eval=False,
fp16_opt_level=O1,
fsdp=[],
fsdp_config={'min_num_params': 0, 'xla': False, 'xla_fsdp_v2': False, 'xla_fsdp_grad_ckpt': False},
fsdp_min_num_params=0,
fsdp_transformer_layer_cls_to_wrap=None,
full_determinism=False,
gradient_accumulation_steps=1,
gradient_checkpointing=True,
gradient_checkpointing_kwargs=None,
greater_is_better=None,
group_by_length=False,
half_precision_backend=auto,
hub_always_push=False,
hub_model_id=None,
hub_private_repo=None,
hub_revision=None,
hub_strategy=HubStrategy.EVERY_SAVE,
hub_token=<HUB_TOKEN>,
ignore_data_skip=False,
include_for_metrics=[],
include_inputs_for_metrics=False,
include_num_input_tokens_seen=no,
include_tokens_per_second=False,
jit_mode_eval=False,
label_names=None,
label_smoothing_factor=0.0,
learning_rate=0.0002,
length_column_name=length,
liger_kernel_config=None,
load_best_model_at_end=False,
local_rank=0,
log_level=passive,
log_level_replica=warning,
log_on_each_node=True,
logging_dir=output/hit-firefly-cpm-05b-sft-qlora/runs/Nov03_17-38-20_autodl-container-b95c4d8452-f16ec052,
logging_first_step=False,
logging_nan_inf_filter=True,
logging_steps=100,
logging_strategy=IntervalStrategy.STEPS,
lr_scheduler_kwargs={},
lr_scheduler_type=SchedulerType.CONSTANT_WITH_WARMUP,
max_grad_norm=0.3,
max_steps=-1,
metric_for_best_model=None,
mp_parameters=,
neftune_noise_alpha=None,
no_cuda=False,
num_train_epochs=1,
optim=OptimizerNames.PAGED_ADAMW,
optim_args=None,
optim_target_modules=None,
output_dir=output/hit-firefly-cpm-05b-sft-qlora,
overwrite_output_dir=False,
parallelism_config=None,
past_index=-1,
per_device_eval_batch_size=8,
per_device_train_batch_size=16,
prediction_loss_only=False,
project=huggingface,
push_to_hub=False,
push_to_hub_model_id=None,
push_to_hub_organization=None,
push_to_hub_token=<PUSH_TO_HUB_TOKEN>,
ray_scope=last,
remove_unused_columns=False,
report_to=['tensorboard'],
restore_callback_states_from_checkpoint=False,
resume_from_checkpoint=None,
run_name=None,
save_on_each_node=False,
save_only_model=False,
save_safetensors=True,
save_steps=1000,
save_strategy=SaveStrategy.STEPS,
save_total_limit=1,
seed=42,
skip_memory_metrics=True,
tf32=None,
torch_compile=False,
torch_compile_backend=None,
torch_compile_mode=None,
torch_empty_cache_steps=None,
torchdynamo=None,
tpu_metrics_debug=False,
tpu_num_cores=None,
trackio_space_id=trackio,
use_cpu=False,
use_legacy_prediction_loop=False,
use_liger_kernel=False,
use_mps_device=False,
warmup_ratio=0.0,
warmup_steps=200,
weight_decay=0,
)
2025-11-03 17:38:20.580 | INFO     | __main__:init_components:369 - Initializing components...
2025-11-03 17:38:20.832 | INFO     | __main__:load_tokenizer:217 - vocab_size of tokenizer: 73440
2025-11-03 17:38:20.832 | INFO     | __main__:load_model:256 - Loading model from base model: /root/autodl-tmp/Exp2/models/minicpm05b
2025-11-03 17:38:20.832 | INFO     | __main__:load_model:257 - Train model with qlora
2025-11-03 17:38:21.996 | INFO     | __main__:find_all_linear_names:91 - LoRA target module names: ['o_proj', 'k_proj', 'up_proj', 'gate_proj', 'down_proj', 'q_proj', 'v_proj']
2025-11-03 17:38:22.733 | INFO     | __main__:load_model:319 - memory footprint of model: 0.9468755722045898 GB
2025-11-03 17:38:22.741 | INFO     | __main__:load_model:331 - Total model params: 287.99M
2025-11-03 17:38:22.741 | INFO     | __main__:init_components:388 - Train model with sft task
2025-11-03 17:38:22.742 | INFO     | __main__:load_sft_dataset:351 - Loading data with UnifiedSFTDataset
2025-11-03 17:38:22.742 | INFO     | component.dataset:__init__:19 - Loading data: /root/autodl-tmp/Exp2/data/SFT/processed/hit_firefly_no_belle_300k_0.4_conversation.jsonl
2025-11-03 17:38:23.446 | INFO     | component.dataset:__init__:22 - Use template "minicpm4" for training
2025-11-03 17:38:23.446 | INFO     | component.dataset:__init__:23 - There are 172839 data in dataset
2025-11-03 17:38:23.948 | INFO     | __main__:main:426 - *** starting training ***
2025-11-03 17:39:13.682 | INFO     | __main__:setup_everything:57 - train_args:TrainingArguments(
_n_gpu=1,
accelerator_config={'split_batches': False, 'dispatch_batches': None, 'even_batches': True, 'use_seedable_sampler': True, 'non_blocking': False, 'gradient_accumulation_kwargs': None, 'use_configured_state': False},
adafactor=False,
adam_beta1=0.9,
adam_beta2=0.999,
adam_epsilon=1e-08,
auto_find_batch_size=False,
average_tokens_across_devices=True,
batch_eval_metrics=False,
bf16=False,
bf16_full_eval=False,
data_seed=None,
dataloader_drop_last=False,
dataloader_num_workers=16,
dataloader_persistent_workers=False,
dataloader_pin_memory=True,
dataloader_prefetch_factor=None,
ddp_backend=None,
ddp_broadcast_buffers=None,
ddp_bucket_cap_mb=None,
ddp_find_unused_parameters=None,
ddp_timeout=1800,
debug=[],
deepspeed=None,
disable_tqdm=False,
do_eval=False,
do_predict=False,
do_train=False,
eval_accumulation_steps=None,
eval_delay=0,
eval_do_concat_batches=True,
eval_on_start=False,
eval_steps=None,
eval_strategy=IntervalStrategy.NO,
eval_use_gather_object=False,
fp16=False,
fp16_backend=auto,
fp16_full_eval=False,
fp16_opt_level=O1,
fsdp=[],
fsdp_config={'min_num_params': 0, 'xla': False, 'xla_fsdp_v2': False, 'xla_fsdp_grad_ckpt': False},
fsdp_min_num_params=0,
fsdp_transformer_layer_cls_to_wrap=None,
full_determinism=False,
gradient_accumulation_steps=1,
gradient_checkpointing=True,
gradient_checkpointing_kwargs=None,
greater_is_better=None,
group_by_length=False,
half_precision_backend=auto,
hub_always_push=False,
hub_model_id=None,
hub_private_repo=None,
hub_revision=None,
hub_strategy=HubStrategy.EVERY_SAVE,
hub_token=<HUB_TOKEN>,
ignore_data_skip=False,
include_for_metrics=[],
include_inputs_for_metrics=False,
include_num_input_tokens_seen=no,
include_tokens_per_second=False,
jit_mode_eval=False,
label_names=None,
label_smoothing_factor=0.0,
learning_rate=0.0002,
length_column_name=length,
liger_kernel_config=None,
load_best_model_at_end=False,
local_rank=0,
log_level=passive,
log_level_replica=warning,
log_on_each_node=True,
logging_dir=output/hit-firefly-cpm-05b-sft-qlora/runs/Nov03_17-39-13_autodl-container-b95c4d8452-f16ec052,
logging_first_step=False,
logging_nan_inf_filter=True,
logging_steps=100,
logging_strategy=IntervalStrategy.STEPS,
lr_scheduler_kwargs={},
lr_scheduler_type=SchedulerType.CONSTANT_WITH_WARMUP,
max_grad_norm=0.3,
max_steps=-1,
metric_for_best_model=None,
mp_parameters=,
neftune_noise_alpha=None,
no_cuda=False,
num_train_epochs=1,
optim=OptimizerNames.PAGED_ADAMW,
optim_args=None,
optim_target_modules=None,
output_dir=output/hit-firefly-cpm-05b-sft-qlora,
overwrite_output_dir=False,
parallelism_config=None,
past_index=-1,
per_device_eval_batch_size=8,
per_device_train_batch_size=16,
prediction_loss_only=False,
project=huggingface,
push_to_hub=False,
push_to_hub_model_id=None,
push_to_hub_organization=None,
push_to_hub_token=<PUSH_TO_HUB_TOKEN>,
ray_scope=last,
remove_unused_columns=False,
report_to=['tensorboard'],
restore_callback_states_from_checkpoint=False,
resume_from_checkpoint=None,
run_name=None,
save_on_each_node=False,
save_only_model=False,
save_safetensors=True,
save_steps=1000,
save_strategy=SaveStrategy.STEPS,
save_total_limit=1,
seed=42,
skip_memory_metrics=True,
tf32=None,
torch_compile=False,
torch_compile_backend=None,
torch_compile_mode=None,
torch_empty_cache_steps=None,
torchdynamo=None,
tpu_metrics_debug=False,
tpu_num_cores=None,
trackio_space_id=trackio,
use_cpu=False,
use_legacy_prediction_loop=False,
use_liger_kernel=False,
use_mps_device=False,
warmup_ratio=0.0,
warmup_steps=200,
weight_decay=0,
)
2025-11-03 17:39:42.181 | INFO     | __main__:setup_everything:57 - train_args:TrainingArguments(
_n_gpu=1,
accelerator_config={'split_batches': False, 'dispatch_batches': None, 'even_batches': True, 'use_seedable_sampler': True, 'non_blocking': False, 'gradient_accumulation_kwargs': None, 'use_configured_state': False},
adafactor=False,
adam_beta1=0.9,
adam_beta2=0.999,
adam_epsilon=1e-08,
auto_find_batch_size=False,
average_tokens_across_devices=True,
batch_eval_metrics=False,
bf16=True,
bf16_full_eval=False,
data_seed=None,
dataloader_drop_last=False,
dataloader_num_workers=16,
dataloader_persistent_workers=False,
dataloader_pin_memory=True,
dataloader_prefetch_factor=None,
ddp_backend=None,
ddp_broadcast_buffers=None,
ddp_bucket_cap_mb=None,
ddp_find_unused_parameters=None,
ddp_timeout=1800,
debug=[],
deepspeed=None,
disable_tqdm=False,
do_eval=False,
do_predict=False,
do_train=False,
eval_accumulation_steps=None,
eval_delay=0,
eval_do_concat_batches=True,
eval_on_start=False,
eval_steps=None,
eval_strategy=IntervalStrategy.NO,
eval_use_gather_object=False,
fp16=False,
fp16_backend=auto,
fp16_full_eval=False,
fp16_opt_level=O1,
fsdp=[],
fsdp_config={'min_num_params': 0, 'xla': False, 'xla_fsdp_v2': False, 'xla_fsdp_grad_ckpt': False},
fsdp_min_num_params=0,
fsdp_transformer_layer_cls_to_wrap=None,
full_determinism=False,
gradient_accumulation_steps=1,
gradient_checkpointing=True,
gradient_checkpointing_kwargs=None,
greater_is_better=None,
group_by_length=False,
half_precision_backend=auto,
hub_always_push=False,
hub_model_id=None,
hub_private_repo=None,
hub_revision=None,
hub_strategy=HubStrategy.EVERY_SAVE,
hub_token=<HUB_TOKEN>,
ignore_data_skip=False,
include_for_metrics=[],
include_inputs_for_metrics=False,
include_num_input_tokens_seen=no,
include_tokens_per_second=False,
jit_mode_eval=False,
label_names=None,
label_smoothing_factor=0.0,
learning_rate=0.0002,
length_column_name=length,
liger_kernel_config=None,
load_best_model_at_end=False,
local_rank=0,
log_level=passive,
log_level_replica=warning,
log_on_each_node=True,
logging_dir=output/hit-firefly-cpm-05b-sft-qlora/runs/Nov03_17-39-41_autodl-container-b95c4d8452-f16ec052,
logging_first_step=False,
logging_nan_inf_filter=True,
logging_steps=100,
logging_strategy=IntervalStrategy.STEPS,
lr_scheduler_kwargs={},
lr_scheduler_type=SchedulerType.CONSTANT_WITH_WARMUP,
max_grad_norm=0.3,
max_steps=-1,
metric_for_best_model=None,
mp_parameters=,
neftune_noise_alpha=None,
no_cuda=False,
num_train_epochs=1,
optim=OptimizerNames.PAGED_ADAMW,
optim_args=None,
optim_target_modules=None,
output_dir=output/hit-firefly-cpm-05b-sft-qlora,
overwrite_output_dir=False,
parallelism_config=None,
past_index=-1,
per_device_eval_batch_size=8,
per_device_train_batch_size=16,
prediction_loss_only=False,
project=huggingface,
push_to_hub=False,
push_to_hub_model_id=None,
push_to_hub_organization=None,
push_to_hub_token=<PUSH_TO_HUB_TOKEN>,
ray_scope=last,
remove_unused_columns=False,
report_to=['tensorboard'],
restore_callback_states_from_checkpoint=False,
resume_from_checkpoint=None,
run_name=None,
save_on_each_node=False,
save_only_model=False,
save_safetensors=True,
save_steps=1000,
save_strategy=SaveStrategy.STEPS,
save_total_limit=1,
seed=42,
skip_memory_metrics=True,
tf32=None,
torch_compile=False,
torch_compile_backend=None,
torch_compile_mode=None,
torch_empty_cache_steps=None,
torchdynamo=None,
tpu_metrics_debug=False,
tpu_num_cores=None,
trackio_space_id=trackio,
use_cpu=False,
use_legacy_prediction_loop=False,
use_liger_kernel=False,
use_mps_device=False,
warmup_ratio=0.0,
warmup_steps=200,
weight_decay=0,
)
2025-11-03 17:39:42.183 | INFO     | __main__:init_components:369 - Initializing components...
2025-11-03 17:39:42.435 | INFO     | __main__:load_tokenizer:217 - vocab_size of tokenizer: 73440
2025-11-03 17:39:42.436 | INFO     | __main__:load_model:256 - Loading model from base model: /root/autodl-tmp/Exp2/models/minicpm05b
2025-11-03 17:39:42.436 | INFO     | __main__:load_model:257 - Train model with qlora
2025-11-03 17:39:43.596 | INFO     | __main__:find_all_linear_names:91 - LoRA target module names: ['v_proj', 'o_proj', 'down_proj', 'gate_proj', 'up_proj', 'k_proj', 'q_proj']
2025-11-03 17:39:44.333 | INFO     | __main__:load_model:319 - memory footprint of model: 0.9468755722045898 GB
2025-11-03 17:39:44.341 | INFO     | __main__:load_model:331 - Total model params: 287.99M
2025-11-03 17:39:44.341 | INFO     | __main__:init_components:388 - Train model with sft task
2025-11-03 17:39:44.341 | INFO     | __main__:load_sft_dataset:351 - Loading data with UnifiedSFTDataset
2025-11-03 17:39:44.341 | INFO     | component.dataset:__init__:19 - Loading data: /root/autodl-tmp/Exp2/data/SFT/processed/hit_firefly_no_belle_300k_0.4_conversation.jsonl
2025-11-03 17:39:45.046 | INFO     | component.dataset:__init__:22 - Use template "minicpm4" for training
2025-11-03 17:39:45.046 | INFO     | component.dataset:__init__:23 - There are 172839 data in dataset
2025-11-03 17:39:45.534 | INFO     | __main__:main:426 - *** starting training ***
2025-11-03 17:40:32.820 | INFO     | __main__:setup_everything:57 - train_args:TrainingArguments(
_n_gpu=1,
accelerator_config={'split_batches': False, 'dispatch_batches': None, 'even_batches': True, 'use_seedable_sampler': True, 'non_blocking': False, 'gradient_accumulation_kwargs': None, 'use_configured_state': False},
adafactor=False,
adam_beta1=0.9,
adam_beta2=0.999,
adam_epsilon=1e-08,
auto_find_batch_size=False,
average_tokens_across_devices=True,
batch_eval_metrics=False,
bf16=True,
bf16_full_eval=False,
data_seed=None,
dataloader_drop_last=False,
dataloader_num_workers=16,
dataloader_persistent_workers=False,
dataloader_pin_memory=True,
dataloader_prefetch_factor=None,
ddp_backend=None,
ddp_broadcast_buffers=None,
ddp_bucket_cap_mb=None,
ddp_find_unused_parameters=None,
ddp_timeout=1800,
debug=[],
deepspeed=None,
disable_tqdm=False,
do_eval=False,
do_predict=False,
do_train=False,
eval_accumulation_steps=None,
eval_delay=0,
eval_do_concat_batches=True,
eval_on_start=False,
eval_steps=None,
eval_strategy=IntervalStrategy.NO,
eval_use_gather_object=False,
fp16=False,
fp16_backend=auto,
fp16_full_eval=False,
fp16_opt_level=O1,
fsdp=[],
fsdp_config={'min_num_params': 0, 'xla': False, 'xla_fsdp_v2': False, 'xla_fsdp_grad_ckpt': False},
fsdp_min_num_params=0,
fsdp_transformer_layer_cls_to_wrap=None,
full_determinism=False,
gradient_accumulation_steps=1,
gradient_checkpointing=True,
gradient_checkpointing_kwargs=None,
greater_is_better=None,
group_by_length=False,
half_precision_backend=auto,
hub_always_push=False,
hub_model_id=None,
hub_private_repo=None,
hub_revision=None,
hub_strategy=HubStrategy.EVERY_SAVE,
hub_token=<HUB_TOKEN>,
ignore_data_skip=False,
include_for_metrics=[],
include_inputs_for_metrics=False,
include_num_input_tokens_seen=no,
include_tokens_per_second=False,
jit_mode_eval=False,
label_names=None,
label_smoothing_factor=0.0,
learning_rate=0.0002,
length_column_name=length,
liger_kernel_config=None,
load_best_model_at_end=False,
local_rank=0,
log_level=passive,
log_level_replica=warning,
log_on_each_node=True,
logging_dir=output/hit-firefly-cpm-05b-sft-qlora/runs/Nov03_17-40-32_autodl-container-b95c4d8452-f16ec052,
logging_first_step=False,
logging_nan_inf_filter=True,
logging_steps=100,
logging_strategy=IntervalStrategy.STEPS,
lr_scheduler_kwargs={},
lr_scheduler_type=SchedulerType.CONSTANT_WITH_WARMUP,
max_grad_norm=0.3,
max_steps=-1,
metric_for_best_model=None,
mp_parameters=,
neftune_noise_alpha=None,
no_cuda=False,
num_train_epochs=1,
optim=OptimizerNames.PAGED_ADAMW,
optim_args=None,
optim_target_modules=None,
output_dir=output/hit-firefly-cpm-05b-sft-qlora,
overwrite_output_dir=False,
parallelism_config=None,
past_index=-1,
per_device_eval_batch_size=8,
per_device_train_batch_size=32,
prediction_loss_only=False,
project=huggingface,
push_to_hub=False,
push_to_hub_model_id=None,
push_to_hub_organization=None,
push_to_hub_token=<PUSH_TO_HUB_TOKEN>,
ray_scope=last,
remove_unused_columns=False,
report_to=['tensorboard'],
restore_callback_states_from_checkpoint=False,
resume_from_checkpoint=None,
run_name=None,
save_on_each_node=False,
save_only_model=False,
save_safetensors=True,
save_steps=1000,
save_strategy=SaveStrategy.STEPS,
save_total_limit=1,
seed=42,
skip_memory_metrics=True,
tf32=None,
torch_compile=False,
torch_compile_backend=None,
torch_compile_mode=None,
torch_empty_cache_steps=None,
torchdynamo=None,
tpu_metrics_debug=False,
tpu_num_cores=None,
trackio_space_id=trackio,
use_cpu=False,
use_legacy_prediction_loop=False,
use_liger_kernel=False,
use_mps_device=False,
warmup_ratio=0.0,
warmup_steps=200,
weight_decay=0,
)
2025-11-03 17:40:32.821 | INFO     | __main__:init_components:369 - Initializing components...
2025-11-03 17:40:33.069 | INFO     | __main__:load_tokenizer:217 - vocab_size of tokenizer: 73440
2025-11-03 17:40:33.069 | INFO     | __main__:load_model:256 - Loading model from base model: /root/autodl-tmp/Exp2/models/minicpm05b
2025-11-03 17:40:33.069 | INFO     | __main__:load_model:257 - Train model with qlora
2025-11-03 17:40:34.225 | INFO     | __main__:find_all_linear_names:91 - LoRA target module names: ['down_proj', 'up_proj', 'q_proj', 'gate_proj', 'o_proj', 'k_proj', 'v_proj']
2025-11-03 17:40:34.961 | INFO     | __main__:load_model:319 - memory footprint of model: 0.9468755722045898 GB
2025-11-03 17:40:34.969 | INFO     | __main__:load_model:331 - Total model params: 287.99M
2025-11-03 17:40:34.969 | INFO     | __main__:init_components:388 - Train model with sft task
2025-11-03 17:40:34.969 | INFO     | __main__:load_sft_dataset:351 - Loading data with UnifiedSFTDataset
2025-11-03 17:40:34.969 | INFO     | component.dataset:__init__:19 - Loading data: /root/autodl-tmp/Exp2/data/SFT/processed/hit_firefly_no_belle_300k_0.4_conversation.jsonl
2025-11-03 17:40:35.669 | INFO     | component.dataset:__init__:22 - Use template "minicpm4" for training
2025-11-03 17:40:35.669 | INFO     | component.dataset:__init__:23 - There are 172839 data in dataset
2025-11-03 17:40:36.178 | INFO     | __main__:main:426 - *** starting training ***
2025-11-03 17:41:03.729 | INFO     | __main__:setup_everything:57 - train_args:TrainingArguments(
_n_gpu=1,
accelerator_config={'split_batches': False, 'dispatch_batches': None, 'even_batches': True, 'use_seedable_sampler': True, 'non_blocking': False, 'gradient_accumulation_kwargs': None, 'use_configured_state': False},
adafactor=False,
adam_beta1=0.9,
adam_beta2=0.999,
adam_epsilon=1e-08,
auto_find_batch_size=False,
average_tokens_across_devices=True,
batch_eval_metrics=False,
bf16=True,
bf16_full_eval=False,
data_seed=None,
dataloader_drop_last=False,
dataloader_num_workers=16,
dataloader_persistent_workers=False,
dataloader_pin_memory=True,
dataloader_prefetch_factor=None,
ddp_backend=None,
ddp_broadcast_buffers=None,
ddp_bucket_cap_mb=None,
ddp_find_unused_parameters=None,
ddp_timeout=1800,
debug=[],
deepspeed=None,
disable_tqdm=False,
do_eval=False,
do_predict=False,
do_train=False,
eval_accumulation_steps=None,
eval_delay=0,
eval_do_concat_batches=True,
eval_on_start=False,
eval_steps=None,
eval_strategy=IntervalStrategy.NO,
eval_use_gather_object=False,
fp16=False,
fp16_backend=auto,
fp16_full_eval=False,
fp16_opt_level=O1,
fsdp=[],
fsdp_config={'min_num_params': 0, 'xla': False, 'xla_fsdp_v2': False, 'xla_fsdp_grad_ckpt': False},
fsdp_min_num_params=0,
fsdp_transformer_layer_cls_to_wrap=None,
full_determinism=False,
gradient_accumulation_steps=1,
gradient_checkpointing=True,
gradient_checkpointing_kwargs=None,
greater_is_better=None,
group_by_length=False,
half_precision_backend=auto,
hub_always_push=False,
hub_model_id=None,
hub_private_repo=None,
hub_revision=None,
hub_strategy=HubStrategy.EVERY_SAVE,
hub_token=<HUB_TOKEN>,
ignore_data_skip=False,
include_for_metrics=[],
include_inputs_for_metrics=False,
include_num_input_tokens_seen=no,
include_tokens_per_second=False,
jit_mode_eval=False,
label_names=None,
label_smoothing_factor=0.0,
learning_rate=0.0002,
length_column_name=length,
liger_kernel_config=None,
load_best_model_at_end=False,
local_rank=0,
log_level=passive,
log_level_replica=warning,
log_on_each_node=True,
logging_dir=output/hit-firefly-cpm-05b-sft-qlora/runs/Nov03_17-41-03_autodl-container-b95c4d8452-f16ec052,
logging_first_step=False,
logging_nan_inf_filter=True,
logging_steps=100,
logging_strategy=IntervalStrategy.STEPS,
lr_scheduler_kwargs={},
lr_scheduler_type=SchedulerType.CONSTANT_WITH_WARMUP,
max_grad_norm=0.3,
max_steps=-1,
metric_for_best_model=None,
mp_parameters=,
neftune_noise_alpha=None,
no_cuda=False,
num_train_epochs=1,
optim=OptimizerNames.PAGED_ADAMW,
optim_args=None,
optim_target_modules=None,
output_dir=output/hit-firefly-cpm-05b-sft-qlora,
overwrite_output_dir=False,
parallelism_config=None,
past_index=-1,
per_device_eval_batch_size=8,
per_device_train_batch_size=32,
prediction_loss_only=False,
project=huggingface,
push_to_hub=False,
push_to_hub_model_id=None,
push_to_hub_organization=None,
push_to_hub_token=<PUSH_TO_HUB_TOKEN>,
ray_scope=last,
remove_unused_columns=False,
report_to=['tensorboard'],
restore_callback_states_from_checkpoint=False,
resume_from_checkpoint=None,
run_name=None,
save_on_each_node=False,
save_only_model=False,
save_safetensors=True,
save_steps=1000,
save_strategy=SaveStrategy.STEPS,
save_total_limit=1,
seed=42,
skip_memory_metrics=True,
tf32=None,
torch_compile=False,
torch_compile_backend=None,
torch_compile_mode=None,
torch_empty_cache_steps=None,
torchdynamo=None,
tpu_metrics_debug=False,
tpu_num_cores=None,
trackio_space_id=trackio,
use_cpu=False,
use_legacy_prediction_loop=False,
use_liger_kernel=False,
use_mps_device=False,
warmup_ratio=0.0,
warmup_steps=200,
weight_decay=0,
)
2025-11-03 17:41:03.732 | INFO     | __main__:init_components:369 - Initializing components...
2025-11-03 17:41:04.034 | INFO     | __main__:load_tokenizer:217 - vocab_size of tokenizer: 73440
2025-11-03 17:41:04.034 | INFO     | __main__:load_model:256 - Loading model from base model: /root/autodl-tmp/Exp2/models/minicpm05b
2025-11-03 17:41:04.034 | INFO     | __main__:load_model:257 - Train model with qlora
2025-11-03 17:41:05.098 | INFO     | __main__:find_all_linear_names:91 - LoRA target module names: ['v_proj', 'gate_proj', 'down_proj', 'up_proj', 'o_proj', 'q_proj', 'k_proj']
2025-11-03 17:41:05.863 | INFO     | __main__:load_model:319 - memory footprint of model: 0.9468755722045898 GB
2025-11-03 17:41:05.871 | INFO     | __main__:load_model:331 - Total model params: 287.99M
2025-11-03 17:41:05.871 | INFO     | __main__:init_components:388 - Train model with sft task
2025-11-03 17:41:05.872 | INFO     | __main__:load_sft_dataset:351 - Loading data with UnifiedSFTDataset
2025-11-03 17:41:05.872 | INFO     | component.dataset:__init__:19 - Loading data: /root/autodl-tmp/Exp2/data/SFT/processed/hit_firefly_no_belle_300k_0.4_conversation.jsonl
2025-11-03 17:41:06.634 | INFO     | component.dataset:__init__:22 - Use template "minicpm4" for training
2025-11-03 17:41:06.634 | INFO     | component.dataset:__init__:23 - There are 172839 data in dataset
2025-11-03 17:41:07.164 | INFO     | __main__:main:426 - *** starting training ***
2025-11-03 17:41:33.019 | INFO     | __main__:setup_everything:57 - train_args:TrainingArguments(
_n_gpu=1,
accelerator_config={'split_batches': False, 'dispatch_batches': None, 'even_batches': True, 'use_seedable_sampler': True, 'non_blocking': False, 'gradient_accumulation_kwargs': None, 'use_configured_state': False},
adafactor=False,
adam_beta1=0.9,
adam_beta2=0.999,
adam_epsilon=1e-08,
auto_find_batch_size=False,
average_tokens_across_devices=True,
batch_eval_metrics=False,
bf16=True,
bf16_full_eval=False,
data_seed=None,
dataloader_drop_last=False,
dataloader_num_workers=16,
dataloader_persistent_workers=False,
dataloader_pin_memory=True,
dataloader_prefetch_factor=None,
ddp_backend=None,
ddp_broadcast_buffers=None,
ddp_bucket_cap_mb=None,
ddp_find_unused_parameters=None,
ddp_timeout=1800,
debug=[],
deepspeed=None,
disable_tqdm=False,
do_eval=False,
do_predict=False,
do_train=False,
eval_accumulation_steps=None,
eval_delay=0,
eval_do_concat_batches=True,
eval_on_start=False,
eval_steps=None,
eval_strategy=IntervalStrategy.NO,
eval_use_gather_object=False,
fp16=False,
fp16_backend=auto,
fp16_full_eval=False,
fp16_opt_level=O1,
fsdp=[],
fsdp_config={'min_num_params': 0, 'xla': False, 'xla_fsdp_v2': False, 'xla_fsdp_grad_ckpt': False},
fsdp_min_num_params=0,
fsdp_transformer_layer_cls_to_wrap=None,
full_determinism=False,
gradient_accumulation_steps=1,
gradient_checkpointing=True,
gradient_checkpointing_kwargs=None,
greater_is_better=None,
group_by_length=False,
half_precision_backend=auto,
hub_always_push=False,
hub_model_id=None,
hub_private_repo=None,
hub_revision=None,
hub_strategy=HubStrategy.EVERY_SAVE,
hub_token=<HUB_TOKEN>,
ignore_data_skip=False,
include_for_metrics=[],
include_inputs_for_metrics=False,
include_num_input_tokens_seen=no,
include_tokens_per_second=False,
jit_mode_eval=False,
label_names=None,
label_smoothing_factor=0.0,
learning_rate=0.0002,
length_column_name=length,
liger_kernel_config=None,
load_best_model_at_end=False,
local_rank=0,
log_level=passive,
log_level_replica=warning,
log_on_each_node=True,
logging_dir=output/hit-firefly-cpm-05b-sft-qlora/runs/Nov03_17-41-32_autodl-container-b95c4d8452-f16ec052,
logging_first_step=False,
logging_nan_inf_filter=True,
logging_steps=100,
logging_strategy=IntervalStrategy.STEPS,
lr_scheduler_kwargs={},
lr_scheduler_type=SchedulerType.CONSTANT_WITH_WARMUP,
max_grad_norm=0.3,
max_steps=-1,
metric_for_best_model=None,
mp_parameters=,
neftune_noise_alpha=None,
no_cuda=False,
num_train_epochs=1,
optim=OptimizerNames.PAGED_ADAMW,
optim_args=None,
optim_target_modules=None,
output_dir=output/hit-firefly-cpm-05b-sft-qlora,
overwrite_output_dir=False,
parallelism_config=None,
past_index=-1,
per_device_eval_batch_size=8,
per_device_train_batch_size=24,
prediction_loss_only=False,
project=huggingface,
push_to_hub=False,
push_to_hub_model_id=None,
push_to_hub_organization=None,
push_to_hub_token=<PUSH_TO_HUB_TOKEN>,
ray_scope=last,
remove_unused_columns=False,
report_to=['tensorboard'],
restore_callback_states_from_checkpoint=False,
resume_from_checkpoint=None,
run_name=None,
save_on_each_node=False,
save_only_model=False,
save_safetensors=True,
save_steps=1000,
save_strategy=SaveStrategy.STEPS,
save_total_limit=1,
seed=42,
skip_memory_metrics=True,
tf32=None,
torch_compile=False,
torch_compile_backend=None,
torch_compile_mode=None,
torch_empty_cache_steps=None,
torchdynamo=None,
tpu_metrics_debug=False,
tpu_num_cores=None,
trackio_space_id=trackio,
use_cpu=False,
use_legacy_prediction_loop=False,
use_liger_kernel=False,
use_mps_device=False,
warmup_ratio=0.0,
warmup_steps=200,
weight_decay=0,
)
2025-11-03 17:41:33.021 | INFO     | __main__:init_components:369 - Initializing components...
2025-11-03 17:41:33.334 | INFO     | __main__:load_tokenizer:217 - vocab_size of tokenizer: 73440
2025-11-03 17:41:33.334 | INFO     | __main__:load_model:256 - Loading model from base model: /root/autodl-tmp/Exp2/models/minicpm05b
2025-11-03 17:41:33.334 | INFO     | __main__:load_model:257 - Train model with qlora
2025-11-03 17:41:34.604 | INFO     | __main__:find_all_linear_names:91 - LoRA target module names: ['k_proj', 'o_proj', 'v_proj', 'down_proj', 'up_proj', 'gate_proj', 'q_proj']
2025-11-03 17:41:35.319 | INFO     | __main__:load_model:319 - memory footprint of model: 0.9468755722045898 GB
2025-11-03 17:41:35.328 | INFO     | __main__:load_model:331 - Total model params: 287.99M
2025-11-03 17:41:35.328 | INFO     | __main__:init_components:388 - Train model with sft task
2025-11-03 17:41:35.328 | INFO     | __main__:load_sft_dataset:351 - Loading data with UnifiedSFTDataset
2025-11-03 17:41:35.328 | INFO     | component.dataset:__init__:19 - Loading data: /root/autodl-tmp/Exp2/data/SFT/processed/hit_firefly_no_belle_300k_0.4_conversation.jsonl
2025-11-03 17:41:36.044 | INFO     | component.dataset:__init__:22 - Use template "minicpm4" for training
2025-11-03 17:41:36.044 | INFO     | component.dataset:__init__:23 - There are 172839 data in dataset
2025-11-03 17:41:36.595 | INFO     | __main__:main:426 - *** starting training ***
2025-11-03 17:42:17.795 | INFO     | __main__:setup_everything:57 - train_args:TrainingArguments(
_n_gpu=1,
accelerator_config={'split_batches': False, 'dispatch_batches': None, 'even_batches': True, 'use_seedable_sampler': True, 'non_blocking': False, 'gradient_accumulation_kwargs': None, 'use_configured_state': False},
adafactor=False,
adam_beta1=0.9,
adam_beta2=0.999,
adam_epsilon=1e-08,
auto_find_batch_size=False,
average_tokens_across_devices=True,
batch_eval_metrics=False,
bf16=True,
bf16_full_eval=False,
data_seed=None,
dataloader_drop_last=False,
dataloader_num_workers=16,
dataloader_persistent_workers=False,
dataloader_pin_memory=True,
dataloader_prefetch_factor=None,
ddp_backend=None,
ddp_broadcast_buffers=None,
ddp_bucket_cap_mb=None,
ddp_find_unused_parameters=None,
ddp_timeout=1800,
debug=[],
deepspeed=None,
disable_tqdm=False,
do_eval=False,
do_predict=False,
do_train=False,
eval_accumulation_steps=None,
eval_delay=0,
eval_do_concat_batches=True,
eval_on_start=False,
eval_steps=None,
eval_strategy=IntervalStrategy.NO,
eval_use_gather_object=False,
fp16=False,
fp16_backend=auto,
fp16_full_eval=False,
fp16_opt_level=O1,
fsdp=[],
fsdp_config={'min_num_params': 0, 'xla': False, 'xla_fsdp_v2': False, 'xla_fsdp_grad_ckpt': False},
fsdp_min_num_params=0,
fsdp_transformer_layer_cls_to_wrap=None,
full_determinism=False,
gradient_accumulation_steps=1,
gradient_checkpointing=True,
gradient_checkpointing_kwargs=None,
greater_is_better=None,
group_by_length=False,
half_precision_backend=auto,
hub_always_push=False,
hub_model_id=None,
hub_private_repo=None,
hub_revision=None,
hub_strategy=HubStrategy.EVERY_SAVE,
hub_token=<HUB_TOKEN>,
ignore_data_skip=False,
include_for_metrics=[],
include_inputs_for_metrics=False,
include_num_input_tokens_seen=no,
include_tokens_per_second=False,
jit_mode_eval=False,
label_names=None,
label_smoothing_factor=0.0,
learning_rate=0.0002,
length_column_name=length,
liger_kernel_config=None,
load_best_model_at_end=False,
local_rank=0,
log_level=passive,
log_level_replica=warning,
log_on_each_node=True,
logging_dir=output/hit-firefly-cpm-05b-sft-qlora/runs/Nov03_17-42-17_autodl-container-b95c4d8452-f16ec052,
logging_first_step=False,
logging_nan_inf_filter=True,
logging_steps=100,
logging_strategy=IntervalStrategy.STEPS,
lr_scheduler_kwargs={},
lr_scheduler_type=SchedulerType.CONSTANT_WITH_WARMUP,
max_grad_norm=0.3,
max_steps=-1,
metric_for_best_model=None,
mp_parameters=,
neftune_noise_alpha=None,
no_cuda=False,
num_train_epochs=1,
optim=OptimizerNames.PAGED_ADAMW,
optim_args=None,
optim_target_modules=None,
output_dir=output/hit-firefly-cpm-05b-sft-qlora,
overwrite_output_dir=False,
parallelism_config=None,
past_index=-1,
per_device_eval_batch_size=8,
per_device_train_batch_size=20,
prediction_loss_only=False,
project=huggingface,
push_to_hub=False,
push_to_hub_model_id=None,
push_to_hub_organization=None,
push_to_hub_token=<PUSH_TO_HUB_TOKEN>,
ray_scope=last,
remove_unused_columns=False,
report_to=['tensorboard'],
restore_callback_states_from_checkpoint=False,
resume_from_checkpoint=None,
run_name=None,
save_on_each_node=False,
save_only_model=False,
save_safetensors=True,
save_steps=1000,
save_strategy=SaveStrategy.STEPS,
save_total_limit=1,
seed=42,
skip_memory_metrics=True,
tf32=None,
torch_compile=False,
torch_compile_backend=None,
torch_compile_mode=None,
torch_empty_cache_steps=None,
torchdynamo=None,
tpu_metrics_debug=False,
tpu_num_cores=None,
trackio_space_id=trackio,
use_cpu=False,
use_legacy_prediction_loop=False,
use_liger_kernel=False,
use_mps_device=False,
warmup_ratio=0.0,
warmup_steps=200,
weight_decay=0,
)
2025-11-03 17:42:17.796 | INFO     | __main__:init_components:369 - Initializing components...
2025-11-03 17:42:18.043 | INFO     | __main__:load_tokenizer:217 - vocab_size of tokenizer: 73440
2025-11-03 17:42:18.043 | INFO     | __main__:load_model:256 - Loading model from base model: /root/autodl-tmp/Exp2/models/minicpm05b
2025-11-03 17:42:18.043 | INFO     | __main__:load_model:257 - Train model with qlora
2025-11-03 17:42:19.192 | INFO     | __main__:find_all_linear_names:91 - LoRA target module names: ['k_proj', 'up_proj', 'gate_proj', 'down_proj', 'o_proj', 'v_proj', 'q_proj']
2025-11-03 17:42:19.934 | INFO     | __main__:load_model:319 - memory footprint of model: 0.9468755722045898 GB
2025-11-03 17:42:19.943 | INFO     | __main__:load_model:331 - Total model params: 287.99M
2025-11-03 17:42:19.943 | INFO     | __main__:init_components:388 - Train model with sft task
2025-11-03 17:42:19.943 | INFO     | __main__:load_sft_dataset:351 - Loading data with UnifiedSFTDataset
2025-11-03 17:42:19.943 | INFO     | component.dataset:__init__:19 - Loading data: /root/autodl-tmp/Exp2/data/SFT/processed/hit_firefly_no_belle_300k_0.4_conversation.jsonl
2025-11-03 17:42:20.691 | INFO     | component.dataset:__init__:22 - Use template "minicpm4" for training
2025-11-03 17:42:20.691 | INFO     | component.dataset:__init__:23 - There are 172839 data in dataset
2025-11-03 17:42:21.256 | INFO     | __main__:main:426 - *** starting training ***
2025-11-03 17:54:36.702 | INFO     | __main__:setup_everything:57 - train_args:TrainingArguments(
_n_gpu=1,
accelerator_config={'split_batches': False, 'dispatch_batches': None, 'even_batches': True, 'use_seedable_sampler': True, 'non_blocking': False, 'gradient_accumulation_kwargs': None, 'use_configured_state': False},
adafactor=False,
adam_beta1=0.9,
adam_beta2=0.999,
adam_epsilon=1e-08,
auto_find_batch_size=False,
average_tokens_across_devices=True,
batch_eval_metrics=False,
bf16=True,
bf16_full_eval=False,
data_seed=None,
dataloader_drop_last=False,
dataloader_num_workers=16,
dataloader_persistent_workers=False,
dataloader_pin_memory=True,
dataloader_prefetch_factor=None,
ddp_backend=None,
ddp_broadcast_buffers=None,
ddp_bucket_cap_mb=None,
ddp_find_unused_parameters=None,
ddp_timeout=1800,
debug=[],
deepspeed=None,
disable_tqdm=False,
do_eval=False,
do_predict=False,
do_train=False,
eval_accumulation_steps=None,
eval_delay=0,
eval_do_concat_batches=True,
eval_on_start=False,
eval_steps=None,
eval_strategy=IntervalStrategy.NO,
eval_use_gather_object=False,
fp16=False,
fp16_backend=auto,
fp16_full_eval=False,
fp16_opt_level=O1,
fsdp=[],
fsdp_config={'min_num_params': 0, 'xla': False, 'xla_fsdp_v2': False, 'xla_fsdp_grad_ckpt': False},
fsdp_min_num_params=0,
fsdp_transformer_layer_cls_to_wrap=None,
full_determinism=False,
gradient_accumulation_steps=1,
gradient_checkpointing=True,
gradient_checkpointing_kwargs=None,
greater_is_better=None,
group_by_length=False,
half_precision_backend=auto,
hub_always_push=False,
hub_model_id=None,
hub_private_repo=None,
hub_revision=None,
hub_strategy=HubStrategy.EVERY_SAVE,
hub_token=<HUB_TOKEN>,
ignore_data_skip=False,
include_for_metrics=[],
include_inputs_for_metrics=False,
include_num_input_tokens_seen=no,
include_tokens_per_second=False,
jit_mode_eval=False,
label_names=None,
label_smoothing_factor=0.0,
learning_rate=0.0002,
length_column_name=length,
liger_kernel_config=None,
load_best_model_at_end=False,
local_rank=0,
log_level=passive,
log_level_replica=warning,
log_on_each_node=True,
logging_dir=output/hit-firefly-cpm-05b-sft-qlora/runs/Nov03_17-54-36_autodl-container-b95c4d8452-f16ec052,
logging_first_step=False,
logging_nan_inf_filter=True,
logging_steps=100,
logging_strategy=IntervalStrategy.STEPS,
lr_scheduler_kwargs={},
lr_scheduler_type=SchedulerType.CONSTANT_WITH_WARMUP,
max_grad_norm=0.3,
max_steps=-1,
metric_for_best_model=None,
mp_parameters=,
neftune_noise_alpha=None,
no_cuda=False,
num_train_epochs=1,
optim=OptimizerNames.PAGED_ADAMW,
optim_args=None,
optim_target_modules=None,
output_dir=output/hit-firefly-cpm-05b-sft-qlora,
overwrite_output_dir=False,
parallelism_config=None,
past_index=-1,
per_device_eval_batch_size=8,
per_device_train_batch_size=16,
prediction_loss_only=False,
project=huggingface,
push_to_hub=False,
push_to_hub_model_id=None,
push_to_hub_organization=None,
push_to_hub_token=<PUSH_TO_HUB_TOKEN>,
ray_scope=last,
remove_unused_columns=False,
report_to=['tensorboard'],
restore_callback_states_from_checkpoint=False,
resume_from_checkpoint=None,
run_name=None,
save_on_each_node=False,
save_only_model=False,
save_safetensors=True,
save_steps=1000,
save_strategy=SaveStrategy.STEPS,
save_total_limit=1,
seed=42,
skip_memory_metrics=True,
tf32=None,
torch_compile=False,
torch_compile_backend=None,
torch_compile_mode=None,
torch_empty_cache_steps=None,
torchdynamo=None,
tpu_metrics_debug=False,
tpu_num_cores=None,
trackio_space_id=trackio,
use_cpu=False,
use_legacy_prediction_loop=False,
use_liger_kernel=False,
use_mps_device=False,
warmup_ratio=0.0,
warmup_steps=200,
weight_decay=0,
)
2025-11-03 17:54:36.704 | INFO     | __main__:init_components:369 - Initializing components...
2025-11-03 17:54:36.991 | INFO     | __main__:load_tokenizer:217 - vocab_size of tokenizer: 73440
2025-11-03 17:54:36.991 | INFO     | __main__:load_model:256 - Loading model from base model: /root/autodl-tmp/Exp2/models/minicpm05b
2025-11-03 17:54:36.991 | INFO     | __main__:load_model:257 - Train model with qlora
2025-11-03 17:54:37.995 | INFO     | __main__:find_all_linear_names:91 - LoRA target module names: ['k_proj', 'v_proj', 'down_proj', 'gate_proj', 'up_proj', 'q_proj', 'o_proj']
2025-11-03 17:54:38.750 | INFO     | __main__:load_model:319 - memory footprint of model: 0.9468755722045898 GB
2025-11-03 17:54:38.758 | INFO     | __main__:load_model:331 - Total model params: 287.99M
2025-11-03 17:54:38.759 | INFO     | __main__:init_components:388 - Train model with sft task
2025-11-03 17:54:38.759 | INFO     | __main__:load_sft_dataset:351 - Loading data with UnifiedSFTDataset
2025-11-03 17:54:38.759 | INFO     | component.dataset:__init__:19 - Loading data: /root/autodl-tmp/Exp2/data/SFT/processed/hit_firefly_no_belle_300k_0.4_conversation.jsonl
2025-11-03 17:54:39.498 | INFO     | component.dataset:__init__:22 - Use template "minicpm4" for training
2025-11-03 17:54:39.498 | INFO     | component.dataset:__init__:23 - There are 172839 data in dataset
2025-11-03 17:54:40.042 | INFO     | __main__:main:426 - *** starting training ***
2025-11-04 00:01:01.432 | INFO     | __main__:setup_everything:57 - train_args:TrainingArguments(
_n_gpu=1,
accelerator_config={'split_batches': False, 'dispatch_batches': None, 'even_batches': True, 'use_seedable_sampler': True, 'non_blocking': False, 'gradient_accumulation_kwargs': None, 'use_configured_state': False},
adafactor=False,
adam_beta1=0.9,
adam_beta2=0.999,
adam_epsilon=1e-08,
auto_find_batch_size=False,
average_tokens_across_devices=True,
batch_eval_metrics=False,
bf16=True,
bf16_full_eval=False,
data_seed=None,
dataloader_drop_last=False,
dataloader_num_workers=16,
dataloader_persistent_workers=False,
dataloader_pin_memory=True,
dataloader_prefetch_factor=None,
ddp_backend=None,
ddp_broadcast_buffers=None,
ddp_bucket_cap_mb=None,
ddp_find_unused_parameters=None,
ddp_timeout=1800,
debug=[],
deepspeed=None,
disable_tqdm=False,
do_eval=False,
do_predict=False,
do_train=False,
eval_accumulation_steps=None,
eval_delay=0,
eval_do_concat_batches=True,
eval_on_start=False,
eval_steps=None,
eval_strategy=IntervalStrategy.NO,
eval_use_gather_object=False,
fp16=False,
fp16_backend=auto,
fp16_full_eval=False,
fp16_opt_level=O1,
fsdp=[],
fsdp_config={'min_num_params': 0, 'xla': False, 'xla_fsdp_v2': False, 'xla_fsdp_grad_ckpt': False},
fsdp_min_num_params=0,
fsdp_transformer_layer_cls_to_wrap=None,
full_determinism=False,
gradient_accumulation_steps=1,
gradient_checkpointing=True,
gradient_checkpointing_kwargs=None,
greater_is_better=None,
group_by_length=False,
half_precision_backend=auto,
hub_always_push=False,
hub_model_id=None,
hub_private_repo=None,
hub_revision=None,
hub_strategy=HubStrategy.EVERY_SAVE,
hub_token=<HUB_TOKEN>,
ignore_data_skip=False,
include_for_metrics=[],
include_inputs_for_metrics=False,
include_num_input_tokens_seen=no,
include_tokens_per_second=False,
jit_mode_eval=False,
label_names=None,
label_smoothing_factor=0.0,
learning_rate=0.0002,
length_column_name=length,
liger_kernel_config=None,
load_best_model_at_end=False,
local_rank=0,
log_level=passive,
log_level_replica=warning,
log_on_each_node=True,
logging_dir=output/hit-firefly-cpm-05b-sft-qlora/runs/Nov04_00-01-01_autodl-container-b95c4d8452-f16ec052,
logging_first_step=False,
logging_nan_inf_filter=True,
logging_steps=100,
logging_strategy=IntervalStrategy.STEPS,
lr_scheduler_kwargs={},
lr_scheduler_type=SchedulerType.CONSTANT_WITH_WARMUP,
max_grad_norm=0.3,
max_steps=-1,
metric_for_best_model=None,
mp_parameters=,
neftune_noise_alpha=None,
no_cuda=False,
num_train_epochs=1,
optim=OptimizerNames.PAGED_ADAMW,
optim_args=None,
optim_target_modules=None,
output_dir=output/hit-firefly-cpm-05b-sft-qlora,
overwrite_output_dir=False,
parallelism_config=None,
past_index=-1,
per_device_eval_batch_size=8,
per_device_train_batch_size=16,
prediction_loss_only=False,
project=huggingface,
push_to_hub=False,
push_to_hub_model_id=None,
push_to_hub_organization=None,
push_to_hub_token=<PUSH_TO_HUB_TOKEN>,
ray_scope=last,
remove_unused_columns=False,
report_to=['tensorboard'],
restore_callback_states_from_checkpoint=False,
resume_from_checkpoint=None,
run_name=None,
save_on_each_node=False,
save_only_model=False,
save_safetensors=True,
save_steps=1000,
save_strategy=SaveStrategy.STEPS,
save_total_limit=1,
seed=42,
skip_memory_metrics=True,
tf32=None,
torch_compile=False,
torch_compile_backend=None,
torch_compile_mode=None,
torch_empty_cache_steps=None,
torchdynamo=None,
tpu_metrics_debug=False,
tpu_num_cores=None,
trackio_space_id=trackio,
use_cpu=False,
use_legacy_prediction_loop=False,
use_liger_kernel=False,
use_mps_device=False,
warmup_ratio=0.0,
warmup_steps=200,
weight_decay=0,
)
2025-11-04 00:01:01.434 | INFO     | __main__:init_components:369 - Initializing components...
2025-11-04 00:28:07.323 | INFO     | __main__:setup_everything:57 - train_args:TrainingArguments(
_n_gpu=1,
accelerator_config={'split_batches': False, 'dispatch_batches': None, 'even_batches': True, 'use_seedable_sampler': True, 'non_blocking': False, 'gradient_accumulation_kwargs': None, 'use_configured_state': False},
adafactor=False,
adam_beta1=0.9,
adam_beta2=0.999,
adam_epsilon=1e-08,
auto_find_batch_size=False,
average_tokens_across_devices=True,
batch_eval_metrics=False,
bf16=True,
bf16_full_eval=False,
data_seed=None,
dataloader_drop_last=False,
dataloader_num_workers=16,
dataloader_persistent_workers=False,
dataloader_pin_memory=True,
dataloader_prefetch_factor=None,
ddp_backend=None,
ddp_broadcast_buffers=None,
ddp_bucket_cap_mb=None,
ddp_find_unused_parameters=None,
ddp_timeout=1800,
debug=[],
deepspeed=None,
disable_tqdm=False,
do_eval=False,
do_predict=False,
do_train=False,
eval_accumulation_steps=None,
eval_delay=0,
eval_do_concat_batches=True,
eval_on_start=False,
eval_steps=None,
eval_strategy=IntervalStrategy.NO,
eval_use_gather_object=False,
fp16=False,
fp16_backend=auto,
fp16_full_eval=False,
fp16_opt_level=O1,
fsdp=[],
fsdp_config={'min_num_params': 0, 'xla': False, 'xla_fsdp_v2': False, 'xla_fsdp_grad_ckpt': False},
fsdp_min_num_params=0,
fsdp_transformer_layer_cls_to_wrap=None,
full_determinism=False,
gradient_accumulation_steps=1,
gradient_checkpointing=True,
gradient_checkpointing_kwargs=None,
greater_is_better=None,
group_by_length=False,
half_precision_backend=auto,
hub_always_push=False,
hub_model_id=None,
hub_private_repo=None,
hub_revision=None,
hub_strategy=HubStrategy.EVERY_SAVE,
hub_token=<HUB_TOKEN>,
ignore_data_skip=False,
include_for_metrics=[],
include_inputs_for_metrics=False,
include_num_input_tokens_seen=no,
include_tokens_per_second=False,
jit_mode_eval=False,
label_names=None,
label_smoothing_factor=0.0,
learning_rate=0.0002,
length_column_name=length,
liger_kernel_config=None,
load_best_model_at_end=False,
local_rank=0,
log_level=passive,
log_level_replica=warning,
log_on_each_node=True,
logging_dir=output/hit-firefly-cpm-05b-sft-qlora/runs/Nov04_00-28-07_autodl-container-b95c4d8452-f16ec052,
logging_first_step=False,
logging_nan_inf_filter=True,
logging_steps=100,
logging_strategy=IntervalStrategy.STEPS,
lr_scheduler_kwargs={},
lr_scheduler_type=SchedulerType.CONSTANT_WITH_WARMUP,
max_grad_norm=0.3,
max_steps=-1,
metric_for_best_model=None,
mp_parameters=,
neftune_noise_alpha=None,
no_cuda=False,
num_train_epochs=1,
optim=OptimizerNames.PAGED_ADAMW,
optim_args=None,
optim_target_modules=None,
output_dir=output/hit-firefly-cpm-05b-sft-qlora,
overwrite_output_dir=False,
parallelism_config=None,
past_index=-1,
per_device_eval_batch_size=8,
per_device_train_batch_size=16,
prediction_loss_only=False,
project=huggingface,
push_to_hub=False,
push_to_hub_model_id=None,
push_to_hub_organization=None,
push_to_hub_token=<PUSH_TO_HUB_TOKEN>,
ray_scope=last,
remove_unused_columns=False,
report_to=['tensorboard'],
restore_callback_states_from_checkpoint=False,
resume_from_checkpoint=None,
run_name=None,
save_on_each_node=False,
save_only_model=False,
save_safetensors=True,
save_steps=1000,
save_strategy=SaveStrategy.STEPS,
save_total_limit=1,
seed=42,
skip_memory_metrics=True,
tf32=None,
torch_compile=False,
torch_compile_backend=None,
torch_compile_mode=None,
torch_empty_cache_steps=None,
torchdynamo=None,
tpu_metrics_debug=False,
tpu_num_cores=None,
trackio_space_id=trackio,
use_cpu=False,
use_legacy_prediction_loop=False,
use_liger_kernel=False,
use_mps_device=False,
warmup_ratio=0.0,
warmup_steps=200,
weight_decay=0,
)
2025-11-04 00:28:07.325 | INFO     | __main__:init_components:369 - Initializing components...
2025-11-04 00:28:07.561 | INFO     | __main__:load_tokenizer:217 - vocab_size of tokenizer: 73440
2025-11-04 00:28:07.562 | INFO     | __main__:load_model:256 - Loading model from base model: /root/autodl-tmp/Exp2/models/minicpm05b
2025-11-04 00:28:07.562 | INFO     | __main__:load_model:257 - Train model with qlora
2025-11-04 00:28:08.661 | INFO     | __main__:find_all_linear_names:91 - LoRA target module names: ['k_proj', 'up_proj', 'o_proj', 'gate_proj', 'v_proj', 'q_proj', 'down_proj']
2025-11-04 00:28:09.373 | INFO     | __main__:load_model:319 - memory footprint of model: 0.9468755722045898 GB
2025-11-04 00:28:09.381 | INFO     | __main__:load_model:331 - Total model params: 287.99M
2025-11-04 00:28:09.381 | INFO     | __main__:init_components:388 - Train model with sft task
2025-11-04 00:28:09.381 | INFO     | __main__:load_sft_dataset:351 - Loading data with UnifiedSFTDataset
2025-11-04 00:28:09.381 | INFO     | component.dataset:__init__:19 - Loading data: /root/autodl-tmp/Exp2/data/SFT/processed/hit_1101_conversation.jsonl
2025-11-04 00:28:09.385 | INFO     | component.dataset:__init__:22 - Use template "minicpm4" for training
2025-11-04 00:28:09.385 | INFO     | component.dataset:__init__:23 - There are 1100 data in dataset
2025-11-04 00:28:09.891 | INFO     | __main__:main:426 - *** starting training ***
2025-11-04 00:28:09.892 | INFO     | __main__:main:430 - Resuming from checkpoint (explicit): /root/autodl-tmp/Exp2/Firefly/output/hit-firefly-cpm-05b-sft-qlora/checkpoint-10803
2025-11-04 00:28:41.601 | INFO     | __main__:setup_everything:57 - train_args:TrainingArguments(
_n_gpu=1,
accelerator_config={'split_batches': False, 'dispatch_batches': None, 'even_batches': True, 'use_seedable_sampler': True, 'non_blocking': False, 'gradient_accumulation_kwargs': None, 'use_configured_state': False},
adafactor=False,
adam_beta1=0.9,
adam_beta2=0.999,
adam_epsilon=1e-08,
auto_find_batch_size=False,
average_tokens_across_devices=True,
batch_eval_metrics=False,
bf16=True,
bf16_full_eval=False,
data_seed=None,
dataloader_drop_last=False,
dataloader_num_workers=16,
dataloader_persistent_workers=False,
dataloader_pin_memory=True,
dataloader_prefetch_factor=None,
ddp_backend=None,
ddp_broadcast_buffers=None,
ddp_bucket_cap_mb=None,
ddp_find_unused_parameters=None,
ddp_timeout=1800,
debug=[],
deepspeed=None,
disable_tqdm=False,
do_eval=False,
do_predict=False,
do_train=False,
eval_accumulation_steps=None,
eval_delay=0,
eval_do_concat_batches=True,
eval_on_start=False,
eval_steps=None,
eval_strategy=IntervalStrategy.NO,
eval_use_gather_object=False,
fp16=False,
fp16_backend=auto,
fp16_full_eval=False,
fp16_opt_level=O1,
fsdp=[],
fsdp_config={'min_num_params': 0, 'xla': False, 'xla_fsdp_v2': False, 'xla_fsdp_grad_ckpt': False},
fsdp_min_num_params=0,
fsdp_transformer_layer_cls_to_wrap=None,
full_determinism=False,
gradient_accumulation_steps=1,
gradient_checkpointing=True,
gradient_checkpointing_kwargs=None,
greater_is_better=None,
group_by_length=False,
half_precision_backend=auto,
hub_always_push=False,
hub_model_id=None,
hub_private_repo=None,
hub_revision=None,
hub_strategy=HubStrategy.EVERY_SAVE,
hub_token=<HUB_TOKEN>,
ignore_data_skip=False,
include_for_metrics=[],
include_inputs_for_metrics=False,
include_num_input_tokens_seen=no,
include_tokens_per_second=False,
jit_mode_eval=False,
label_names=None,
label_smoothing_factor=0.0,
learning_rate=0.0002,
length_column_name=length,
liger_kernel_config=None,
load_best_model_at_end=False,
local_rank=0,
log_level=passive,
log_level_replica=warning,
log_on_each_node=True,
logging_dir=output/hit-firefly-cpm-05b-sft-qlora/runs/Nov04_00-28-41_autodl-container-b95c4d8452-f16ec052,
logging_first_step=False,
logging_nan_inf_filter=True,
logging_steps=100,
logging_strategy=IntervalStrategy.STEPS,
lr_scheduler_kwargs={},
lr_scheduler_type=SchedulerType.CONSTANT_WITH_WARMUP,
max_grad_norm=0.3,
max_steps=-1,
metric_for_best_model=None,
mp_parameters=,
neftune_noise_alpha=None,
no_cuda=False,
num_train_epochs=1,
optim=OptimizerNames.PAGED_ADAMW,
optim_args=None,
optim_target_modules=None,
output_dir=output/hit-firefly-cpm-05b-sft-qlora,
overwrite_output_dir=False,
parallelism_config=None,
past_index=-1,
per_device_eval_batch_size=8,
per_device_train_batch_size=16,
prediction_loss_only=False,
project=huggingface,
push_to_hub=False,
push_to_hub_model_id=None,
push_to_hub_organization=None,
push_to_hub_token=<PUSH_TO_HUB_TOKEN>,
ray_scope=last,
remove_unused_columns=False,
report_to=['tensorboard'],
restore_callback_states_from_checkpoint=False,
resume_from_checkpoint=None,
run_name=None,
save_on_each_node=False,
save_only_model=False,
save_safetensors=True,
save_steps=1000,
save_strategy=SaveStrategy.STEPS,
save_total_limit=1,
seed=42,
skip_memory_metrics=True,
tf32=None,
torch_compile=False,
torch_compile_backend=None,
torch_compile_mode=None,
torch_empty_cache_steps=None,
torchdynamo=None,
tpu_metrics_debug=False,
tpu_num_cores=None,
trackio_space_id=trackio,
use_cpu=False,
use_legacy_prediction_loop=False,
use_liger_kernel=False,
use_mps_device=False,
warmup_ratio=0.0,
warmup_steps=200,
weight_decay=0,
)
2025-11-04 00:28:41.604 | INFO     | __main__:init_components:369 - Initializing components...
2025-11-04 00:28:41.846 | INFO     | __main__:load_tokenizer:217 - vocab_size of tokenizer: 73440
2025-11-04 00:28:41.846 | INFO     | __main__:load_model:256 - Loading model from base model: /root/autodl-tmp/Exp2/models/minicpm05b
2025-11-04 00:28:41.846 | INFO     | __main__:load_model:257 - Train model with qlora
2025-11-04 00:28:43.049 | INFO     | __main__:find_all_linear_names:91 - LoRA target module names: ['v_proj', 'gate_proj', 'o_proj', 'down_proj', 'k_proj', 'up_proj', 'q_proj']
2025-11-04 00:28:43.809 | INFO     | __main__:load_model:319 - memory footprint of model: 0.9468755722045898 GB
2025-11-04 00:28:43.820 | INFO     | __main__:load_model:331 - Total model params: 287.99M
2025-11-04 00:28:43.820 | INFO     | __main__:init_components:388 - Train model with sft task
2025-11-04 00:28:43.820 | INFO     | __main__:load_sft_dataset:351 - Loading data with UnifiedSFTDataset
2025-11-04 00:28:43.820 | INFO     | component.dataset:__init__:19 - Loading data: /root/autodl-tmp/Exp2/data/SFT/processed/hit_1101_conversation.jsonl
2025-11-04 00:28:43.824 | INFO     | component.dataset:__init__:22 - Use template "minicpm4" for training
2025-11-04 00:28:43.824 | INFO     | component.dataset:__init__:23 - There are 1100 data in dataset
2025-11-04 00:28:44.326 | INFO     | __main__:main:426 - *** starting training ***
2025-11-04 00:28:44.326 | INFO     | __main__:main:430 - Resuming from checkpoint (explicit): /root/autodl-tmp/Exp2/Firefly/output/hit-firefly-cpm-05b-sft-qlora/checkpoint-10803
